<?xml version="1.0" encoding="UTF-8"?>
<!-- Generated by org.testng.reporters.JUnitXMLReporter -->
<testsuite ignored="2" hostname="MSI" failures="0" tests="1" name="Default test" time="10.443" errors="0" timestamp="2025-08-21T13:52:48 IST">
  <testcase classname="masterSeleniumFramework.masterSeleniumFramework.firstTest" name="CheckoutwithCOD" time="7.286"/>
  <testcase classname="masterSeleniumFramework.masterSeleniumFramework.firstTest" name="conformSearchFuncinility" time="0.0">
    <ignored/>
  </testcase> <!-- conformSearchFuncinility -->
  <testcase classname="masterSeleniumFramework.masterSeleniumFramework.firstTest" name="CheckoutwithDirectbanktransfer" time="0.0">
    <ignored/>
  </testcase> <!-- CheckoutwithDirectbanktransfer -->
</testsuite> <!-- Default test -->
