<?xml version="1.0" encoding="UTF-8"?>
<!-- Generated by org.testng.reporters.JUnitXMLReporter -->
<testsuite ignored="0" hostname="MSI" failures="1" tests="3" name="Test" time="38.321" errors="0" timestamp="2025-07-23T10:27:03 IST">
  <testcase classname="masterSeleniumFramework.masterSeleniumFramework.firstTest" name="CheckoutwithDirectbanktransfer" time="8.975"/>
  <testcase classname="masterSeleniumFramework.masterSeleniumFramework.firstTest" name="CheckoutwithCOD" time="9.844">
    <failure type="org.openqa.selenium.ElementClickInterceptedException" message="element click intercepted: Element &amp;lt;input id=&amp;quot;payment_method_cod&amp;quot; type=&amp;quot;radio&amp;quot; class=&amp;quot;input-radio&amp;quot; name=&amp;quot;payment_method&amp;quot; value=&amp;quot;cod&amp;quot; data-order_button_text=&amp;quot;&amp;quot;&amp;gt; is not clickable at point (918, 73). Other element would receive the click: &amp;lt;div class=&amp;quot;blockUI blockOverlay&amp;quot; style=&amp;quot;z-index: 1000; border: none; margin: 0px; padding: 0px; width: 100%; height: 100%; top: 0px; left: 0px; background: rgb(255, 255, 255); opacity: 0.0237464; cursor: default; position: absolute;&amp;quot;&amp;gt;&amp;lt;/div&amp;gt;
  (Session info: chrome=138.0.7204.102)
Build info: version: &amp;apos;4.34.0&amp;apos;, revision: &amp;apos;707dcb4246*&amp;apos;
System info: os.name: &amp;apos;Windows 11&amp;apos;, os.arch: &amp;apos;amd64&amp;apos;, os.version: &amp;apos;10.0&amp;apos;, java.version: &amp;apos;17.0.12&amp;apos;
Driver info: org.openqa.selenium.chrome.ChromeDriver
Command: [ed3bb5f2a6aeb98cd818ebc57b4810d8, clickElement {id=f.5E386BCF60D9F3D5263CCA16C830F36B.d.613AFE97247BE145A575A7F0A9403097.e.150}]
Capabilities {acceptInsecureCerts: false, browserName: chrome, browserVersion: 138.0.7204.102, chrome: {chromedriverVersion: 138.0.7204.168 (3e8d82e86e9..., userDataDir: C:\Users\AMANDE~1\AppData\L...}, fedcm:accounts: true, goog:chromeOptions: {debuggerAddress: localhost:53831}, networkConnectionEnabled: false, pageLoadStrategy: normal, platformName: windows, proxy: Proxy(), se:cdp: ws://localhost:53831/devtoo..., se:cdpVersion: 138.0.7204.102, setWindowRect: true, strictFileInteractability: false, timeouts: {implicit: 0, pageLoad: 300000, script: 30000}, unhandledPromptBehavior: dismiss and notify, webauthn:extension:credBlob: true, webauthn:extension:largeBlob: true, webauthn:extension:minPinLength: true, webauthn:extension:prf: true, webauthn:virtualAuthenticators: true}
Element: [[ChromeDriver: chrome on windows (ed3bb5f2a6aeb98cd818ebc57b4810d8)] -&amp;gt; id: payment_method_cod]
Session ID: ed3bb5f2a6aeb98cd818ebc57b4810d8">
      <![CDATA[org.openqa.selenium.ElementClickInterceptedException: element click intercepted: Element <input id="payment_method_cod" type="radio" class="input-radio" name="payment_method" value="cod" data-order_button_text=""> is not clickable at point (918, 73). Other element would receive the click: <div class="blockUI blockOverlay" style="z-index: 1000; border: none; margin: 0px; padding: 0px; width: 100%; height: 100%; top: 0px; left: 0px; background: rgb(255, 255, 255); opacity: 0.0237464; cursor: default; position: absolute;"></div>
  (Session info: chrome=138.0.7204.102)
Build info: version: '4.34.0', revision: '707dcb4246*'
System info: os.name: 'Windows 11', os.arch: 'amd64', os.version: '10.0', java.version: '17.0.12'
Driver info: org.openqa.selenium.chrome.ChromeDriver
Command: [ed3bb5f2a6aeb98cd818ebc57b4810d8, clickElement {id=f.5E386BCF60D9F3D5263CCA16C830F36B.d.613AFE97247BE145A575A7F0A9403097.e.150}]
Capabilities {acceptInsecureCerts: false, browserName: chrome, browserVersion: 138.0.7204.102, chrome: {chromedriverVersion: 138.0.7204.168 (3e8d82e86e9..., userDataDir: C:\Users\AMANDE~1\AppData\L...}, fedcm:accounts: true, goog:chromeOptions: {debuggerAddress: localhost:53831}, networkConnectionEnabled: false, pageLoadStrategy: normal, platformName: windows, proxy: Proxy(), se:cdp: ws://localhost:53831/devtoo..., se:cdpVersion: 138.0.7204.102, setWindowRect: true, strictFileInteractability: false, timeouts: {implicit: 0, pageLoad: 300000, script: 30000}, unhandledPromptBehavior: dismiss and notify, webauthn:extension:credBlob: true, webauthn:extension:largeBlob: true, webauthn:extension:minPinLength: true, webauthn:extension:prf: true, webauthn:virtualAuthenticators: true}
Element: [[ChromeDriver: chrome on windows (ed3bb5f2a6aeb98cd818ebc57b4810d8)] -> id: payment_method_cod]
Session ID: ed3bb5f2a6aeb98cd818ebc57b4810d8
at org.openqa.selenium.remote.ErrorCodec.decode(ErrorCodec.java:167)
at org.openqa.selenium.remote.codec.w3c.W3CHttpResponseCodec.decode(W3CHttpResponseCodec.java:138)
at org.openqa.selenium.remote.codec.w3c.W3CHttpResponseCodec.decode(W3CHttpResponseCodec.java:50)
at org.openqa.selenium.remote.HttpCommandExecutor.execute(HttpCommandExecutor.java:215)
at org.openqa.selenium.remote.service.DriverCommandExecutor.invokeExecute(DriverCommandExecutor.java:216)
at org.openqa.selenium.remote.service.DriverCommandExecutor.execute(DriverCommandExecutor.java:174)
at org.openqa.selenium.remote.RemoteWebDriver.execute(RemoteWebDriver.java:544)
at org.openqa.selenium.remote.RemoteWebElement.execute(RemoteWebElement.java:223)
at org.openqa.selenium.remote.RemoteWebElement.click(RemoteWebElement.java:76)
at masterSeleniumFramework.masterSeleniumFramework.Pages.CheckoutPage.checkoutwithCOD(CheckoutPage.java:65)
at masterSeleniumFramework.masterSeleniumFramework.firstTest.CheckoutwithCOD(firstTest.java:55)
at java.base/java.util.ArrayList.forEach(ArrayList.java:1511)
... Removed 32 stack frames]]>
    </failure>
  </testcase> <!-- CheckoutwithCOD -->
  <testcase classname="masterSeleniumFramework.masterSeleniumFramework.firstTest" name="conformSearchFuncinility" time="13.471"/>
</testsuite> <!-- Test -->
