<?xml version="1.0" encoding="UTF-8"?>
<!-- Generated by org.testng.reporters.JUnitXMLReporter -->
<testsuite ignored="0" hostname="MSI" failures="0" tests="3" name="Test1" time="33.678" errors="0" timestamp="2025-08-24T12:54:03 IST">
  <testcase classname="masterSeleniumFramework.masterSeleniumFramework.firstTest" name="CheckoutwithDirectbanktransfer" time="11.276"/>
  <testcase classname="masterSeleniumFramework.masterSeleniumFramework.firstTest" name="CheckoutwithCOD" time="11.292"/>
  <testcase classname="masterSeleniumFramework.masterSeleniumFramework.firstTest" name="conformSearchFuncinility" time="2.477"/>
</testsuite> <!-- Test1 -->
