<?xml version="1.0" encoding="UTF-8"?>
<testng-results ignored="0" total="6" passed="6" failed="0" skipped="0">
  <reporter-output>
  </reporter-output>
  <suite started-at="2025-08-24T12:53:29 IST" name="Suite" finished-at="2025-08-24T12:54:03 IST" duration-ms="33678">
    <groups>
    </groups>
    <test started-at="2025-08-24T12:53:29 IST" name="Test2" finished-at="2025-08-24T12:54:02 IST" duration-ms="32500">
      <class name="masterSeleniumFramework.masterSeleniumFramework.firstTest">
        <test-method is-config="true" signature="startDriver(java.lang.String)[pri:0, instance:masterSeleniumFramework.masterSeleniumFramework.firstTest@223d2c72]" started-at="2025-08-24T12:53:29 IST" name="startDriver" finished-at="2025-08-24T12:53:33 IST" duration-ms="4003" status="PASS">
          <params>
            <param index="0">
              <value>
                <![CDATA[edge]]>
              </value>
            </param>
          </params>
          <reporter-output>
          </reporter-output>
        </test-method> <!-- startDriver -->
        <test-method signature="CheckoutwithDirectbanktransfer()[pri:1, instance:masterSeleniumFramework.masterSeleniumFramework.firstTest@223d2c72]" started-at="2025-08-24T12:53:33 IST" name="CheckoutwithDirectbanktransfer" finished-at="2025-08-24T12:53:44 IST" duration-ms="10504" status="PASS">
          <reporter-output>
          </reporter-output>
        </test-method> <!-- CheckoutwithDirectbanktransfer -->
        <test-method is-config="true" signature="closeDrier()[pri:0, instance:masterSeleniumFramework.masterSeleniumFramework.firstTest@223d2c72]" started-at="2025-08-24T12:53:44 IST" name="closeDrier" finished-at="2025-08-24T12:53:44 IST" duration-ms="274" status="PASS">
          <reporter-output>
          </reporter-output>
        </test-method> <!-- closeDrier -->
        <test-method is-config="true" signature="startDriver(java.lang.String)[pri:0, instance:masterSeleniumFramework.masterSeleniumFramework.firstTest@223d2c72]" started-at="2025-08-24T12:53:44 IST" name="startDriver" finished-at="2025-08-24T12:53:45 IST" duration-ms="1460" status="PASS">
          <params>
            <param index="0">
              <value>
                <![CDATA[edge]]>
              </value>
            </param>
          </params>
          <reporter-output>
          </reporter-output>
        </test-method> <!-- startDriver -->
        <test-method signature="CheckoutwithCOD()[pri:2, instance:masterSeleniumFramework.masterSeleniumFramework.firstTest@223d2c72]" started-at="2025-08-24T12:53:45 IST" name="CheckoutwithCOD" finished-at="2025-08-24T12:53:56 IST" duration-ms="10891" status="PASS">
          <reporter-output>
          </reporter-output>
        </test-method> <!-- CheckoutwithCOD -->
        <test-method is-config="true" signature="closeDrier()[pri:0, instance:masterSeleniumFramework.masterSeleniumFramework.firstTest@223d2c72]" started-at="2025-08-24T12:53:56 IST" name="closeDrier" finished-at="2025-08-24T12:53:57 IST" duration-ms="185" status="PASS">
          <reporter-output>
          </reporter-output>
        </test-method> <!-- closeDrier -->
        <test-method is-config="true" signature="startDriver(java.lang.String)[pri:0, instance:masterSeleniumFramework.masterSeleniumFramework.firstTest@223d2c72]" started-at="2025-08-24T12:53:57 IST" name="startDriver" finished-at="2025-08-24T12:53:58 IST" duration-ms="1558" status="PASS">
          <params>
            <param index="0">
              <value>
                <![CDATA[edge]]>
              </value>
            </param>
          </params>
          <reporter-output>
          </reporter-output>
        </test-method> <!-- startDriver -->
        <test-method signature="conformSearchFuncinility()[pri:3, instance:masterSeleniumFramework.masterSeleniumFramework.firstTest@223d2c72]" started-at="2025-08-24T12:53:58 IST" name="conformSearchFuncinility" finished-at="2025-08-24T12:54:01 IST" duration-ms="3274" status="PASS">
          <reporter-output>
          </reporter-output>
        </test-method> <!-- conformSearchFuncinility -->
        <test-method is-config="true" signature="closeDrier()[pri:0, instance:masterSeleniumFramework.masterSeleniumFramework.firstTest@223d2c72]" started-at="2025-08-24T12:54:01 IST" name="closeDrier" finished-at="2025-08-24T12:54:02 IST" duration-ms="253" status="PASS">
          <reporter-output>
          </reporter-output>
        </test-method> <!-- closeDrier -->
      </class> <!-- masterSeleniumFramework.masterSeleniumFramework.firstTest -->
    </test> <!-- Test2 -->
    <test started-at="2025-08-24T12:53:29 IST" name="Test1" finished-at="2025-08-24T12:54:03 IST" duration-ms="33678">
      <class name="masterSeleniumFramework.masterSeleniumFramework.firstTest">
        <test-method is-config="true" signature="startDriver(java.lang.String)[pri:0, instance:masterSeleniumFramework.masterSeleniumFramework.firstTest@130161f7]" started-at="2025-08-24T12:53:29 IST" name="startDriver" finished-at="2025-08-24T12:53:33 IST" duration-ms="3917" status="PASS">
          <params>
            <param index="0">
              <value>
                <![CDATA[chrome]]>
              </value>
            </param>
          </params>
          <reporter-output>
          </reporter-output>
        </test-method> <!-- startDriver -->
        <test-method signature="CheckoutwithDirectbanktransfer()[pri:1, instance:masterSeleniumFramework.masterSeleniumFramework.firstTest@130161f7]" started-at="2025-08-24T12:53:33 IST" name="CheckoutwithDirectbanktransfer" finished-at="2025-08-24T12:53:44 IST" duration-ms="11276" status="PASS">
          <reporter-output>
          </reporter-output>
        </test-method> <!-- CheckoutwithDirectbanktransfer -->
        <test-method is-config="true" signature="closeDrier()[pri:0, instance:masterSeleniumFramework.masterSeleniumFramework.firstTest@130161f7]" started-at="2025-08-24T12:53:44 IST" name="closeDrier" finished-at="2025-08-24T12:53:45 IST" duration-ms="493" status="PASS">
          <reporter-output>
          </reporter-output>
        </test-method> <!-- closeDrier -->
        <test-method is-config="true" signature="startDriver(java.lang.String)[pri:0, instance:masterSeleniumFramework.masterSeleniumFramework.firstTest@130161f7]" started-at="2025-08-24T12:53:45 IST" name="startDriver" finished-at="2025-08-24T12:53:47 IST" duration-ms="2066" status="PASS">
          <params>
            <param index="0">
              <value>
                <![CDATA[chrome]]>
              </value>
            </param>
          </params>
          <reporter-output>
          </reporter-output>
        </test-method> <!-- startDriver -->
        <test-method signature="CheckoutwithCOD()[pri:2, instance:masterSeleniumFramework.masterSeleniumFramework.firstTest@130161f7]" started-at="2025-08-24T12:53:47 IST" name="CheckoutwithCOD" finished-at="2025-08-24T12:53:58 IST" duration-ms="11292" status="PASS">
          <reporter-output>
          </reporter-output>
        </test-method> <!-- CheckoutwithCOD -->
        <test-method is-config="true" signature="closeDrier()[pri:0, instance:masterSeleniumFramework.masterSeleniumFramework.firstTest@130161f7]" started-at="2025-08-24T12:53:58 IST" name="closeDrier" finished-at="2025-08-24T12:53:59 IST" duration-ms="344" status="PASS">
          <reporter-output>
          </reporter-output>
        </test-method> <!-- closeDrier -->
        <test-method is-config="true" signature="startDriver(java.lang.String)[pri:0, instance:masterSeleniumFramework.masterSeleniumFramework.firstTest@130161f7]" started-at="2025-08-24T12:53:59 IST" name="startDriver" finished-at="2025-08-24T12:54:00 IST" duration-ms="1597" status="PASS">
          <params>
            <param index="0">
              <value>
                <![CDATA[chrome]]>
              </value>
            </param>
          </params>
          <reporter-output>
          </reporter-output>
        </test-method> <!-- startDriver -->
        <test-method signature="conformSearchFuncinility()[pri:3, instance:masterSeleniumFramework.masterSeleniumFramework.firstTest@130161f7]" started-at="2025-08-24T12:54:00 IST" name="conformSearchFuncinility" finished-at="2025-08-24T12:54:03 IST" duration-ms="2477" status="PASS">
          <reporter-output>
          </reporter-output>
        </test-method> <!-- conformSearchFuncinility -->
        <test-method is-config="true" signature="closeDrier()[pri:0, instance:masterSeleniumFramework.masterSeleniumFramework.firstTest@130161f7]" started-at="2025-08-24T12:54:03 IST" name="closeDrier" finished-at="2025-08-24T12:54:03 IST" duration-ms="122" status="PASS">
          <reporter-output>
          </reporter-output>
        </test-method> <!-- closeDrier -->
      </class> <!-- masterSeleniumFramework.masterSeleniumFramework.firstTest -->
    </test> <!-- Test1 -->
  </suite> <!-- Suite -->
</testng-results>
