<?xml version="1.0" encoding="UTF-8"?>
<testng-results ignored="0" total="3" passed="3" failed="0" skipped="0">
  <reporter-output>
  </reporter-output>
  <suite started-at="2025-08-21T17:55:39 IST" name="Surefire suite" finished-at="2025-08-21T17:56:05 IST" duration-ms="26215">
    <groups>
    </groups>
    <test started-at="2025-08-21T17:55:39 IST" name="Surefire test" finished-at="2025-08-21T17:56:05 IST" duration-ms="26215">
      <class name="masterSeleniumFramework.masterSeleniumFramework.firstTest">
        <test-method is-config="true" signature="startDriver()[pri:0, instance:masterSeleniumFramework.masterSeleniumFramework.firstTest@147ed70f]" started-at="2025-08-21T17:55:39 IST" name="startDriver" finished-at="2025-08-21T17:55:43 IST" duration-ms="3589" status="PASS">
          <reporter-output>
          </reporter-output>
        </test-method> <!-- startDriver -->
        <test-method signature="CheckoutwithDirectbanktransfer()[pri:1, instance:masterSeleniumFramework.masterSeleniumFramework.firstTest@147ed70f]" started-at="2025-08-21T17:55:43 IST" name="CheckoutwithDirectbanktransfer" finished-at="2025-08-21T17:55:54 IST" duration-ms="11423" status="PASS">
          <reporter-output>
          </reporter-output>
        </test-method> <!-- CheckoutwithDirectbanktransfer -->
        <test-method is-config="true" signature="closeDrier()[pri:0, instance:masterSeleniumFramework.masterSeleniumFramework.firstTest@147ed70f]" started-at="2025-08-21T17:55:54 IST" name="closeDrier" finished-at="2025-08-21T17:55:54 IST" duration-ms="153" status="PASS">
          <reporter-output>
          </reporter-output>
        </test-method> <!-- closeDrier -->
        <test-method is-config="true" signature="startDriver()[pri:0, instance:masterSeleniumFramework.masterSeleniumFramework.firstTest@147ed70f]" started-at="2025-08-21T17:55:54 IST" name="startDriver" finished-at="2025-08-21T17:55:56 IST" duration-ms="1058" status="PASS">
          <reporter-output>
          </reporter-output>
        </test-method> <!-- startDriver -->
        <test-method signature="CheckoutwithCOD()[pri:2, instance:masterSeleniumFramework.masterSeleniumFramework.firstTest@147ed70f]" started-at="2025-08-21T17:55:56 IST" name="CheckoutwithCOD" finished-at="2025-08-21T17:56:02 IST" duration-ms="6496" status="PASS">
          <reporter-output>
          </reporter-output>
        </test-method> <!-- CheckoutwithCOD -->
        <test-method is-config="true" signature="closeDrier()[pri:0, instance:masterSeleniumFramework.masterSeleniumFramework.firstTest@147ed70f]" started-at="2025-08-21T17:56:02 IST" name="closeDrier" finished-at="2025-08-21T17:56:02 IST" duration-ms="140" status="PASS">
          <reporter-output>
          </reporter-output>
        </test-method> <!-- closeDrier -->
        <test-method is-config="true" signature="startDriver()[pri:0, instance:masterSeleniumFramework.masterSeleniumFramework.firstTest@147ed70f]" started-at="2025-08-21T17:56:02 IST" name="startDriver" finished-at="2025-08-21T17:56:03 IST" duration-ms="990" status="PASS">
          <reporter-output>
          </reporter-output>
        </test-method> <!-- startDriver -->
        <test-method signature="conformSearchFuncinility()[pri:3, instance:masterSeleniumFramework.masterSeleniumFramework.firstTest@147ed70f]" started-at="2025-08-21T17:56:03 IST" name="conformSearchFuncinility" finished-at="2025-08-21T17:56:05 IST" duration-ms="2202" status="PASS">
          <reporter-output>
          </reporter-output>
        </test-method> <!-- conformSearchFuncinility -->
        <test-method is-config="true" signature="closeDrier()[pri:0, instance:masterSeleniumFramework.masterSeleniumFramework.firstTest@147ed70f]" started-at="2025-08-21T17:56:05 IST" name="closeDrier" finished-at="2025-08-21T17:56:05 IST" duration-ms="126" status="PASS">
          <reporter-output>
          </reporter-output>
        </test-method> <!-- closeDrier -->
      </class> <!-- masterSeleniumFramework.masterSeleniumFramework.firstTest -->
    </test> <!-- Surefire test -->
  </suite> <!-- Surefire suite -->
</testng-results>
