<?xml version="1.0" encoding="UTF-8"?>
<testng-results ignored="2" total="3" passed="1" failed="0" skipped="0">
  <reporter-output>
  </reporter-output>
  <suite started-at="2025-08-21T13:52:37 IST" name="Default suite" finished-at="2025-08-21T13:52:48 IST" duration-ms="10443">
    <groups>
    </groups>
    <test started-at="2025-08-21T13:52:37 IST" name="Default test" finished-at="2025-08-21T13:52:48 IST" duration-ms="10443">
      <class name="masterSeleniumFramework.masterSeleniumFramework.firstTest">
        <test-method is-config="true" signature="startDriver()[pri:0, instance:masterSeleniumFramework.masterSeleniumFramework.firstTest@459e9125]" started-at="2025-08-21T13:52:37 IST" name="startDriver" finished-at="2025-08-21T13:52:40 IST" duration-ms="2909" status="PASS">
          <reporter-output>
          </reporter-output>
        </test-method> <!-- startDriver -->
        <test-method signature="CheckoutwithCOD()[pri:2, instance:masterSeleniumFramework.masterSeleniumFramework.firstTest@459e9125]" started-at="2025-08-21T13:52:40 IST" name="CheckoutwithCOD" finished-at="2025-08-21T13:52:48 IST" duration-ms="7286" status="PASS">
          <reporter-output>
          </reporter-output>
        </test-method> <!-- CheckoutwithCOD -->
        <test-method is-config="true" signature="closeDrier()[pri:0, instance:masterSeleniumFramework.masterSeleniumFramework.firstTest@459e9125]" started-at="2025-08-21T13:52:48 IST" name="closeDrier" finished-at="2025-08-21T13:52:48 IST" duration-ms="185" status="PASS">
          <reporter-output>
          </reporter-output>
        </test-method> <!-- closeDrier -->
      </class> <!-- masterSeleniumFramework.masterSeleniumFramework.firstTest -->
    </test> <!-- Default test -->
  </suite> <!-- Default suite -->
</testng-results>
