<?xml version="1.0" encoding="UTF-8"?>
<testng-results ignored="2" total="3" passed="1" failed="0" skipped="0">
  <reporter-output>
  </reporter-output>
  <suite started-at="2025-08-22T00:06:30 IST" name="Default suite" finished-at="2025-08-22T00:06:44 IST" duration-ms="14189">
    <groups>
    </groups>
    <test started-at="2025-08-22T00:06:30 IST" name="Default test" finished-at="2025-08-22T00:06:44 IST" duration-ms="14189">
      <class name="masterSeleniumFramework.masterSeleniumFramework.firstTest">
        <test-method is-config="true" signature="startDriver()[pri:0, instance:masterSeleniumFramework.masterSeleniumFramework.firstTest@459e9125]" started-at="2025-08-22T00:06:30 IST" name="startDriver" finished-at="2025-08-22T00:06:32 IST" duration-ms="1913" status="PASS">
          <reporter-output>
          </reporter-output>
        </test-method> <!-- startDriver -->
        <test-method signature="CheckoutwithDirectbanktransfer()[pri:1, instance:masterSeleniumFramework.masterSeleniumFramework.firstTest@459e9125]" started-at="2025-08-22T00:06:32 IST" name="CheckoutwithDirectbanktransfer" finished-at="2025-08-22T00:06:44 IST" duration-ms="11904" status="PASS">
          <reporter-output>
          </reporter-output>
        </test-method> <!-- CheckoutwithDirectbanktransfer -->
        <test-method is-config="true" signature="closeDrier()[pri:0, instance:masterSeleniumFramework.masterSeleniumFramework.firstTest@459e9125]" started-at="2025-08-22T00:06:44 IST" name="closeDrier" finished-at="2025-08-22T00:06:44 IST" duration-ms="324" status="PASS">
          <reporter-output>
          </reporter-output>
        </test-method> <!-- closeDrier -->
      </class> <!-- masterSeleniumFramework.masterSeleniumFramework.firstTest -->
    </test> <!-- Default test -->
  </suite> <!-- Default suite -->
</testng-results>
